DEBUG:PIL.PngImagePlugin:STREAM b'IHDR' 16 13
DEBUG:PIL.PngImagePlugin:STREAM b'IDAT' 41 1216
INFO:root:Found axolotl,:Fri Oct 29 00:38:59 2021
DEBUG:PIL.PngImagePlugin:STREAM b'IHDR' 16 13
DEBUG:PIL.PngImagePlugin:STREAM b'IDAT' 41 1216
INFO:root:Found axolotl,:Fri Oct 29 00:39:02 2021
DEBUG:PIL.PngImagePlugin:STREAM b'IHDR' 16 13
DEBUG:PIL.PngImagePlugin:STREAM b'IDAT' 41 1216
INFO:root:Found ant,:Fri Oct 29 00:49:56 2021
DEBUG:PIL.PngImagePlugin:STREAM b'IHDR' 16 13
DEBUG:PIL.PngImagePlugin:STREAM b'IDAT' 41 1216
INFO:root:Found spotted:Fri Oct 29 00:50:43 2021
DEBUG:PIL.PngImagePlugin:STREAM b'IHDR' 16 13
DEBUG:PIL.PngImagePlugin:STREAM b'IDAT' 41 1216
INFO:root:Found common:Fri Oct 29 00:53:36 2021
DEBUG:PIL.PngImagePlugin:STREAM b'IHDR' 16 13
DEBUG:PIL.PngImagePlugin:STREAM b'IDAT' 41 1216
INFO:root:Found agama:Fri Oct 29 00:55:40 2021
DEBUG:PIL.PngImagePlugin:STREAM b'IHDR' 16 13
DEBUG:PIL.PngImagePlugin:STREAM b'IDAT' 41 1216
INFO:root:Found agama:Fri Oct 29 00:55:44 2021
DEBUG:PIL.PngImagePlugin:STREAM b'IHDR' 16 13
DEBUG:PIL.PngImagePlugin:STREAM b'IDAT' 41 1216
INFO:root:Found banded:Fri Oct 29 00:55:51 2021
DEBUG:PIL.PngImagePlugin:STREAM b'IHDR' 16 13
DEBUG:PIL.PngImagePlugin:STREAM b'IDAT' 41 1216
INFO:root:Found whiptail,:Fri Oct 29 00:55:57 2021
DEBUG:PIL.PngImagePlugin:STREAM b'IHDR' 16 13
DEBUG:PIL.PngImagePlugin:STREAM b'IDAT' 41 1216
INFO:root:Found agama:Fri Oct 29 00:56:18 2021
DEBUG:PIL.PngImagePlugin:STREAM b'IHDR' 16 13
DEBUG:PIL.PngImagePlugin:STREAM b'IDAT' 41 1216
INFO:root:Found agama:Fri Oct 29 00:56:24 2021
DEBUG:PIL.PngImagePlugin:STREAM b'IHDR' 16 13
DEBUG:PIL.PngImagePlugin:STREAM b'IDAT' 41 1216
INFO:root:Found agama:Fri Oct 29 00:56:28 2021
DEBUG:PIL.PngImagePlugin:STREAM b'IHDR' 16 13
DEBUG:PIL.PngImagePlugin:STREAM b'IDAT' 41 1216
INFO:root:Found isopod:Fri Oct 29 01:00:36 2021
DEBUG:PIL.PngImagePlugin:STREAM b'IHDR' 16 13
DEBUG:PIL.PngImagePlugin:STREAM b'IDAT' 41 1216
INFO:root:Found agama:Fri Oct 29 01:00:40 2021
DEBUG:PIL.PngImagePlugin:STREAM b'IHDR' 16 13
DEBUG:PIL.PngImagePlugin:STREAM b'IDAT' 41 1216
INFO:root:Found whiptail,:Fri Oct 29 01:06:39 2021
DEBUG:PIL.PngImagePlugin:STREAM b'IHDR' 16 13
DEBUG:PIL.PngImagePlugin:STREAM b'IDAT' 41 1216
INFO:root:Found whiptail,:Fri Oct 29 01:10:27 2021
DEBUG:PIL.PngImagePlugin:STREAM b'IHDR' 16 13
DEBUG:PIL.PngImagePlugin:STREAM b'IDAT' 41 1216
INFO:root:Found agama:Fri Oct 29 01:15:58 2021
DEBUG:PIL.PngImagePlugin:STREAM b'IHDR' 16 13
DEBUG:PIL.PngImagePlugin:STREAM b'IDAT' 41 1216
INFO:root:Found electric:Fri Oct 29 01:16:49 2021
DEBUG:PIL.PngImagePlugin:STREAM b'IHDR' 16 13
DEBUG:PIL.PngImagePlugin:STREAM b'IDAT' 41 1216
INFO:root:Found electric:Fri Oct 29 01:18:00 2021
DEBUG:PIL.PngImagePlugin:STREAM b'IHDR' 16 13
DEBUG:PIL.PngImagePlugin:STREAM b'IDAT' 41 1216
INFO:root:Found scorpion:Fri Oct 29 01:18:11 2021
DEBUG:PIL.PngImagePlugin:STREAM b'IHDR' 16 13
DEBUG:PIL.PngImagePlugin:STREAM b'IDAT' 41 1216
INFO:root:Found electric:Fri Oct 29 01:18:25 2021
DEBUG:PIL.PngImagePlugin:STREAM b'IHDR' 16 13
DEBUG:PIL.PngImagePlugin:STREAM b'IDAT' 41 1216
INFO:root:Found whiptail,:Fri Oct 29 01:20:00 2021
DEBUG:PIL.PngImagePlugin:STREAM b'IHDR' 16 13
DEBUG:PIL.PngImagePlugin:STREAM b'IDAT' 41 1216
INFO:root:Found whiptail,:Fri Oct 29 01:20:19 2021
DEBUG:PIL.PngImagePlugin:STREAM b'IHDR' 16 13
DEBUG:PIL.PngImagePlugin:STREAM b'IDAT' 41 1216
INFO:root:Found axolotl,:Fri Oct 29 01:35:37 2021
DEBUG:PIL.PngImagePlugin:STREAM b'IHDR' 16 13
DEBUG:PIL.PngImagePlugin:STREAM b'IDAT' 41 1216
INFO:root:Found agama:Fri Oct 29 01:36:05 2021
DEBUG:PIL.PngImagePlugin:STREAM b'IHDR' 16 13
DEBUG:PIL.PngImagePlugin:STREAM b'IDAT' 41 1216
INFO:root:Found agama:Fri Oct 29 01:36:50 2021
DEBUG:PIL.PngImagePlugin:STREAM b'IHDR' 16 13
DEBUG:PIL.PngImagePlugin:STREAM b'IDAT' 41 1216
INFO:root:Found grey:Fri Oct 29 01:37:32 2021
DEBUG:PIL.PngImagePlugin:STREAM b'IHDR' 16 13
DEBUG:PIL.PngImagePlugin:STREAM b'IDAT' 41 1216
INFO:root:Found banded:Fri Oct 29 01:37:37 2021
DEBUG:PIL.PngImagePlugin:STREAM b'IHDR' 16 13
DEBUG:PIL.PngImagePlugin:STREAM b'IDAT' 41 1216
INFO:root:Found tailed:Fri Oct 29 01:38:28 2021
DEBUG:PIL.PngImagePlugin:STREAM b'IHDR' 16 13
DEBUG:PIL.PngImagePlugin:STREAM b'IDAT' 41 1216
INFO:root:Found agama:Fri Oct 29 01:38:32 2021
